[18068:8936:0428/230731.456:INFO:CONSOLE(0)] "Error with Permissions-Policy header: Unrecognized feature: 'interest-cohort'.", source:  (0)
[18068:8936:0428/230731.735:ERROR:device_event_log_impl.cc(214)] [23:07:31.735] Bluetooth: bluetooth_adapter_winrt.cc:1075 Getting Default Adapter failed.
[18068:8936:0428/230732.206:INFO:CONSOLE(5164)] "Location: [object Object]", source: chrome-extension://pimdaocgmlabkdkiodlnmmboeklkdabk/content.js (5164)
[18068:8936:0428/230732.465:INFO:CONSOLE(5164)] "Try start smartScout View FREE on : https://www.amazon.com/s?i=computers-intl-ship&bbn=16225007011&rh=n%3A16225007011%2Cn%3A1292110011%2Cn%3A595048&dc&qid=1651069964&rnid=1292110011&ref=sr_nr_n_1", source: chrome-extension://pimdaocgmlabkdkiodlnmmboeklkdabk/content.js (5164)
[18068:8936:0428/230732.467:INFO:CONSOLE(5164)] "Domain: com", source: chrome-extension://pimdaocgmlabkdkiodlnmmboeklkdabk/content.js (5164)
[18068:8936:0428/230735.279:INFO:CONSOLE(0)] "Blocked script execution in 'chrome-error://chromewebdata/' because the document's frame is sandboxed and the 'allow-scripts' permission is not set.", source: chrome-error://chromewebdata/ (0)
[18068:8936:0428/230735.279:INFO:CONSOLE(0)] "Blocked script execution in 'chrome-error://chromewebdata/' because the document's frame is sandboxed and the 'allow-scripts' permission is not set.", source: chrome-error://chromewebdata/ (0)
[18068:8936:0428/230735.281:INFO:CONSOLE(0)] "Blocked script execution in 'chrome-error://chromewebdata/' because the document's frame is sandboxed and the 'allow-scripts' permission is not set.", source: chrome-error://chromewebdata/ (0)
[18068:8936:0428/230735.281:INFO:CONSOLE(0)] "Blocked script execution in 'chrome-error://chromewebdata/' because the document's frame is sandboxed and the 'allow-scripts' permission is not set.", source: chrome-error://chromewebdata/ (0)
[18068:8936:0428/230735.281:INFO:CONSOLE(6420)] "Blocked script execution in 'chrome-error://chromewebdata/' because the document's frame is sandboxed and the 'allow-scripts' permission is not set.", source: chrome-error://chromewebdata/ (6420)
[18068:8936:0428/230735.282:INFO:CONSOLE(6440)] "Blocked script execution in 'chrome-error://chromewebdata/' because the document's frame is sandboxed and the 'allow-scripts' permission is not set.", source: chrome-error://chromewebdata/ (6440)
[18068:8936:0428/230735.282:INFO:CONSOLE(6450)] "Blocked script execution in 'chrome-error://chromewebdata/' because the document's frame is sandboxed and the 'allow-scripts' permission is not set.", source: chrome-error://chromewebdata/ (6450)
[18068:8936:0428/230735.282:INFO:CONSOLE(6461)] "Blocked script execution in 'chrome-error://chromewebdata/' because the document's frame is sandboxed and the 'allow-scripts' permission is not set.", source: chrome-error://chromewebdata/ (6461)
[18068:8936:0428/230735.282:INFO:CONSOLE(6466)] "Blocked script execution in 'chrome-error://chromewebdata/' because the document's frame is sandboxed and the 'allow-scripts' permission is not set.", source: chrome-error://chromewebdata/ (6466)
[18068:8936:0428/230735.282:INFO:CONSOLE(6470)] "Blocked script execution in 'chrome-error://chromewebdata/' because the document's frame is sandboxed and the 'allow-scripts' permission is not set.", source: chrome-error://chromewebdata/ (6470)
[18068:8936:0428/230735.282:INFO:CONSOLE(6486)] "Blocked script execution in 'chrome-error://chromewebdata/' because the document's frame is sandboxed and the 'allow-scripts' permission is not set.", source: chrome-error://chromewebdata/ (6486)
[18068:8936:0428/230735.282:INFO:CONSOLE(6499)] "Blocked script execution in 'chrome-error://chromewebdata/' because the document's frame is sandboxed and the 'allow-scripts' permission is not set.", source: chrome-error://chromewebdata/ (6499)
[18068:8936:0428/230735.282:INFO:CONSOLE(6504)] "Blocked script execution in 'chrome-error://chromewebdata/' because the document's frame is sandboxed and the 'allow-scripts' permission is not set.", source: chrome-error://chromewebdata/ (6504)
[18068:8936:0428/230735.282:INFO:CONSOLE(6510)] "Blocked script execution in 'chrome-error://chromewebdata/' because the document's frame is sandboxed and the 'allow-scripts' permission is not set.", source: chrome-error://chromewebdata/ (6510)
[18068:8936:0428/230735.321:INFO:CONSOLE(0)] "Blocked script execution in 'chrome-error://chromewebdata/' because the document's frame is sandboxed and the 'allow-scripts' permission is not set.", source: chrome-error://chromewebdata/ (0)
[18068:8936:0428/230735.321:INFO:CONSOLE(0)] "Blocked script execution in 'chrome-error://chromewebdata/' because the document's frame is sandboxed and the 'allow-scripts' permission is not set.", source: chrome-error://chromewebdata/ (0)
[18068:8936:0428/230735.321:INFO:CONSOLE(0)] "Blocked script execution in 'chrome-error://chromewebdata/' because the document's frame is sandboxed and the 'allow-scripts' permission is not set.", source: chrome-error://chromewebdata/ (0)
[18068:8936:0428/230746.875:INFO:CONSOLE(0)] "The resource https://fls-na.amazon.com/1/msa-vowels/1/OP/?s=www.amazon.com&u=%2Fs&tz=mozilla%2F5.0+%28windows+nt+10.0%3B+win64%3B+x64%29+applewebkit%2F537.36+%28khtml%2C+like+gecko%29+chrome%2F100.0.4896.127+safari%2F537.36&src=https%3A%2F%2Fm.media-amazon.com%2Fimages%2FG%2F01%2Fmsa%2Fvowels%2Fmetrics._STID934946-1651201662018_.jpg&sy=c.2019-11-11&l=449 was preloaded using link preload but not used within a few seconds from the window's load event. Please make sure it has an appropriate `as` value and it is preloaded intentionally.", source: https://www.amazon.com/s?i=computers-intl-ship&bbn=16225007011&rh=n%3A16225007011%2Cn%3A1292110011%2Cn%3A595048&dc&qid=1651069964&rnid=1292110011&ref=sr_nr_n_1 (0)
[18068:8936:0428/230746.875:INFO:CONSOLE(0)] "The resource https://redirect.prod.experiment.routing.cloudfront.aws.a2z.com/x.png was preloaded using link preload but not used within a few seconds from the window's load event. Please make sure it has an appropriate `as` value and it is preloaded intentionally.", source: https://www.amazon.com/s?i=computers-intl-ship&bbn=16225007011&rh=n%3A16225007011%2Cn%3A1292110011%2Cn%3A595048&dc&qid=1651069964&rnid=1292110011&ref=sr_nr_n_1 (0)
[18068:8936:0428/230746.875:INFO:CONSOLE(0)] "The resource https://fls-na.amazon.com/1/msa-vowels/1/OP/?s=www.amazon.com&u=%2Fs&tz=mozilla%2F5.0+%28windows+nt+10.0%3B+win64%3B+x64%29+applewebkit%2F537.36+%28khtml%2C+like+gecko%29+chrome%2F100.0.4896.127+safari%2F537.36&src=https%3A%2F%2Fm.media-amazon.com%2Fimages%2FG%2F01%2Fmsa%2Fvowels%2Fmetrics.jpg%3Ftime%3D1651201661436%26rand%3D367288&sy=c.2019-11-11&l=579 was preloaded using link preload but not used within a few seconds from the window's load event. Please make sure it has an appropriate `as` value and it is preloaded intentionally.", source: https://www.amazon.com/s?i=computers-intl-ship&bbn=16225007011&rh=n%3A16225007011%2Cn%3A1292110011%2Cn%3A595048&dc&qid=1651069964&rnid=1292110011&ref=sr_nr_n_1 (0)
[18068:8936:0428/230757.081:INFO:CONSOLE(0)] "The resource https://fls-na.amazon.com/1/msa-vowels/1/OP/?s=www.amazon.com&u=%2Fs&tz=mozilla%2F5.0+%28windows+nt+10.0%3B+win64%3B+x64%29+applewebkit%2F537.36+%28khtml%2C+like+gecko%29+chrome%2F100.0.4896.127+safari%2F537.36&src=https%3A%2F%2Fm.media-amazon.com%2Fimages%2FG%2F01%2Fmsa%2Fvowels%2Fmetrics._STID934946-1651201662018_.jpg&sy=c.2019-11-11&l=449 was preloaded using link preload but not used within a few seconds from the window's load event. Please make sure it has an appropriate `as` value and it is preloaded intentionally.", source: https://www.amazon.com/s?i=computers-intl-ship&bbn=16225007011&rh=n%3A16225007011%2Cn%3A1292110011%2Cn%3A595048&dc&qid=1651069964&rnid=1292110011&ref=sr_nr_n_1 (0)
[18068:8936:0428/230757.081:INFO:CONSOLE(0)] "The resource https://redirect.prod.experiment.routing.cloudfront.aws.a2z.com/x.png was preloaded using link preload but not used within a few seconds from the window's load event. Please make sure it has an appropriate `as` value and it is preloaded intentionally.", source: https://www.amazon.com/s?i=computers-intl-ship&bbn=16225007011&rh=n%3A16225007011%2Cn%3A1292110011%2Cn%3A595048&dc&qid=1651069964&rnid=1292110011&ref=sr_nr_n_1 (0)
[18068:8936:0428/230757.081:INFO:CONSOLE(0)] "The resource https://fls-na.amazon.com/1/msa-vowels/1/OP/?s=www.amazon.com&u=%2Fs&tz=mozilla%2F5.0+%28windows+nt+10.0%3B+win64%3B+x64%29+applewebkit%2F537.36+%28khtml%2C+like+gecko%29+chrome%2F100.0.4896.127+safari%2F537.36&src=https%3A%2F%2Fm.media-amazon.com%2Fimages%2FG%2F01%2Fmsa%2Fvowels%2Fmetrics.jpg%3Ftime%3D1651201661436%26rand%3D367288&sy=c.2019-11-11&l=579 was preloaded using link preload but not used within a few seconds from the window's load event. Please make sure it has an appropriate `as` value and it is preloaded intentionally.", source: https://www.amazon.com/s?i=computers-intl-ship&bbn=16225007011&rh=n%3A16225007011%2Cn%3A1292110011%2Cn%3A595048&dc&qid=1651069964&rnid=1292110011&ref=sr_nr_n_1 (0)
[18068:8936:0428/230803.051:INFO:CONSOLE(0)] "The resource https://fls-na.amazon.com/1/msa-vowels/1/OP/?s=www.amazon.com&u=%2Fs&tz=mozilla%2F5.0+%28windows+nt+10.0%3B+win64%3B+x64%29+applewebkit%2F537.36+%28khtml%2C+like+gecko%29+chrome%2F100.0.4896.127+safari%2F537.36&src=https%3A%2F%2Fm.media-amazon.com%2Fimages%2FG%2F01%2Fmsa%2Fvowels%2Fmetrics._STID934946-1651201662018_.jpg&sy=c.2019-11-11&l=449 was preloaded using link preload but not used within a few seconds from the window's load event. Please make sure it has an appropriate `as` value and it is preloaded intentionally.", source: https://www.amazon.com/s?i=computers-intl-ship&bbn=16225007011&rh=n%3A16225007011%2Cn%3A1292110011%2Cn%3A595048&dc&qid=1651069964&rnid=1292110011&ref=sr_nr_n_1 (0)
[18068:8936:0428/230803.051:INFO:CONSOLE(0)] "The resource https://redirect.prod.experiment.routing.cloudfront.aws.a2z.com/x.png was preloaded using link preload but not used within a few seconds from the window's load event. Please make sure it has an appropriate `as` value and it is preloaded intentionally.", source: https://www.amazon.com/s?i=computers-intl-ship&bbn=16225007011&rh=n%3A16225007011%2Cn%3A1292110011%2Cn%3A595048&dc&qid=1651069964&rnid=1292110011&ref=sr_nr_n_1 (0)
[18068:8936:0428/230803.051:INFO:CONSOLE(0)] "The resource https://fls-na.amazon.com/1/msa-vowels/1/OP/?s=www.amazon.com&u=%2Fs&tz=mozilla%2F5.0+%28windows+nt+10.0%3B+win64%3B+x64%29+applewebkit%2F537.36+%28khtml%2C+like+gecko%29+chrome%2F100.0.4896.127+safari%2F537.36&src=https%3A%2F%2Fm.media-amazon.com%2Fimages%2FG%2F01%2Fmsa%2Fvowels%2Fmetrics.jpg%3Ftime%3D1651201661436%26rand%3D367288&sy=c.2019-11-11&l=579 was preloaded using link preload but not used within a few seconds from the window's load event. Please make sure it has an appropriate `as` value and it is preloaded intentionally.", source: https://www.amazon.com/s?i=computers-intl-ship&bbn=16225007011&rh=n%3A16225007011%2Cn%3A1292110011%2Cn%3A595048&dc&qid=1651069964&rnid=1292110011&ref=sr_nr_n_1 (0)
[18068:8936:0428/230823.191:INFO:CONSOLE(0)] "The resource https://fls-na.amazon.com/1/msa-vowels/1/OP/?s=www.amazon.com&u=%2Fs&tz=mozilla%2F5.0+%28windows+nt+10.0%3B+win64%3B+x64%29+applewebkit%2F537.36+%28khtml%2C+like+gecko%29+chrome%2F100.0.4896.127+safari%2F537.36&src=https%3A%2F%2Fm.media-amazon.com%2Fimages%2FG%2F01%2Fmsa%2Fvowels%2Fmetrics._STID934946-1651201662018_.jpg&sy=c.2019-11-11&l=449 was preloaded using link preload but not used within a few seconds from the window's load event. Please make sure it has an appropriate `as` value and it is preloaded intentionally.", source: https://www.amazon.com/s?i=computers-intl-ship&bbn=16225007011&rh=n%3A16225007011%2Cn%3A1292110011%2Cn%3A595048&dc&qid=1651069964&rnid=1292110011&ref=sr_nr_n_1 (0)
[18068:8936:0428/230823.191:INFO:CONSOLE(0)] "The resource https://redirect.prod.experiment.routing.cloudfront.aws.a2z.com/x.png was preloaded using link preload but not used within a few seconds from the window's load event. Please make sure it has an appropriate `as` value and it is preloaded intentionally.", source: https://www.amazon.com/s?i=computers-intl-ship&bbn=16225007011&rh=n%3A16225007011%2Cn%3A1292110011%2Cn%3A595048&dc&qid=1651069964&rnid=1292110011&ref=sr_nr_n_1 (0)
[18068:8936:0428/230823.192:INFO:CONSOLE(0)] "The resource https://fls-na.amazon.com/1/msa-vowels/1/OP/?s=www.amazon.com&u=%2Fs&tz=mozilla%2F5.0+%28windows+nt+10.0%3B+win64%3B+x64%29+applewebkit%2F537.36+%28khtml%2C+like+gecko%29+chrome%2F100.0.4896.127+safari%2F537.36&src=https%3A%2F%2Fm.media-amazon.com%2Fimages%2FG%2F01%2Fmsa%2Fvowels%2Fmetrics.jpg%3Ftime%3D1651201661436%26rand%3D367288&sy=c.2019-11-11&l=579 was preloaded using link preload but not used within a few seconds from the window's load event. Please make sure it has an appropriate `as` value and it is preloaded intentionally.", source: https://www.amazon.com/s?i=computers-intl-ship&bbn=16225007011&rh=n%3A16225007011%2Cn%3A1292110011%2Cn%3A595048&dc&qid=1651069964&rnid=1292110011&ref=sr_nr_n_1 (0)
[18068:8936:0428/230834.691:INFO:CONSOLE(0)] "The resource https://fls-na.amazon.com/1/msa-vowels/1/OP/?s=www.amazon.com&u=%2Fs&tz=mozilla%2F5.0+%28windows+nt+10.0%3B+win64%3B+x64%29+applewebkit%2F537.36+%28khtml%2C+like+gecko%29+chrome%2F100.0.4896.127+safari%2F537.36&src=https%3A%2F%2Fm.media-amazon.com%2Fimages%2FG%2F01%2Fmsa%2Fvowels%2Fmetrics._STID934946-1651201662018_.jpg&sy=c.2019-11-11&l=449 was preloaded using link preload but not used within a few seconds from the window's load event. Please make sure it has an appropriate `as` value and it is preloaded intentionally.", source: https://www.amazon.com/s?i=computers-intl-ship&bbn=16225007011&rh=n%3A16225007011%2Cn%3A1292110011%2Cn%3A595048&dc&qid=1651069964&rnid=1292110011&ref=sr_nr_n_1 (0)
[18068:8936:0428/230834.691:INFO:CONSOLE(0)] "The resource https://redirect.prod.experiment.routing.cloudfront.aws.a2z.com/x.png was preloaded using link preload but not used within a few seconds from the window's load event. Please make sure it has an appropriate `as` value and it is preloaded intentionally.", source: https://www.amazon.com/s?i=computers-intl-ship&bbn=16225007011&rh=n%3A16225007011%2Cn%3A1292110011%2Cn%3A595048&dc&qid=1651069964&rnid=1292110011&ref=sr_nr_n_1 (0)
[18068:8936:0428/230834.691:INFO:CONSOLE(0)] "The resource https://fls-na.amazon.com/1/msa-vowels/1/OP/?s=www.amazon.com&u=%2Fs&tz=mozilla%2F5.0+%28windows+nt+10.0%3B+win64%3B+x64%29+applewebkit%2F537.36+%28khtml%2C+like+gecko%29+chrome%2F100.0.4896.127+safari%2F537.36&src=https%3A%2F%2Fm.media-amazon.com%2Fimages%2FG%2F01%2Fmsa%2Fvowels%2Fmetrics.jpg%3Ftime%3D1651201661436%26rand%3D367288&sy=c.2019-11-11&l=579 was preloaded using link preload but not used within a few seconds from the window's load event. Please make sure it has an appropriate `as` value and it is preloaded intentionally.", source: https://www.amazon.com/s?i=computers-intl-ship&bbn=16225007011&rh=n%3A16225007011%2Cn%3A1292110011%2Cn%3A595048&dc&qid=1651069964&rnid=1292110011&ref=sr_nr_n_1 (0)
[18068:8936:0428/230847.615:INFO:CONSOLE(0)] "The resource https://fls-na.amazon.com/1/msa-vowels/1/OP/?s=www.amazon.com&u=%2Fs&tz=mozilla%2F5.0+%28windows+nt+10.0%3B+win64%3B+x64%29+applewebkit%2F537.36+%28khtml%2C+like+gecko%29+chrome%2F100.0.4896.127+safari%2F537.36&src=https%3A%2F%2Fm.media-amazon.com%2Fimages%2FG%2F01%2Fmsa%2Fvowels%2Fmetrics._STID934946-1651201662018_.jpg&sy=c.2019-11-11&l=449 was preloaded using link preload but not used within a few seconds from the window's load event. Please make sure it has an appropriate `as` value and it is preloaded intentionally.", source: https://www.amazon.com/s?i=computers-intl-ship&bbn=16225007011&rh=n%3A16225007011%2Cn%3A1292110011%2Cn%3A595048&dc&page=2&qid=1651201651&rnid=1292110011&ref=sr_pg_1 (0)
[18068:8936:0428/230847.615:INFO:CONSOLE(0)] "The resource https://redirect.prod.experiment.routing.cloudfront.aws.a2z.com/x.png was preloaded using link preload but not used within a few seconds from the window's load event. Please make sure it has an appropriate `as` value and it is preloaded intentionally.", source: https://www.amazon.com/s?i=computers-intl-ship&bbn=16225007011&rh=n%3A16225007011%2Cn%3A1292110011%2Cn%3A595048&dc&page=2&qid=1651201651&rnid=1292110011&ref=sr_pg_1 (0)
[18068:8936:0428/230847.615:INFO:CONSOLE(0)] "The resource https://fls-na.amazon.com/1/msa-vowels/1/OP/?s=www.amazon.com&u=%2Fs&tz=mozilla%2F5.0+%28windows+nt+10.0%3B+win64%3B+x64%29+applewebkit%2F537.36+%28khtml%2C+like+gecko%29+chrome%2F100.0.4896.127+safari%2F537.36&src=https%3A%2F%2Fm.media-amazon.com%2Fimages%2FG%2F01%2Fmsa%2Fvowels%2Fmetrics.jpg%3Ftime%3D1651201661436%26rand%3D367288&sy=c.2019-11-11&l=579 was preloaded using link preload but not used within a few seconds from the window's load event. Please make sure it has an appropriate `as` value and it is preloaded intentionally.", source: https://www.amazon.com/s?i=computers-intl-ship&bbn=16225007011&rh=n%3A16225007011%2Cn%3A1292110011%2Cn%3A595048&dc&page=2&qid=1651201651&rnid=1292110011&ref=sr_pg_1 (0)
[18068:8936:0428/230855.399:INFO:CONSOLE(0)] "Error with Permissions-Policy header: Unrecognized feature: 'interest-cohort'.", source:  (0)
[18068:8936:0428/230856.030:INFO:CONSOLE(5164)] "Location: [object Object]", source: chrome-extension://pimdaocgmlabkdkiodlnmmboeklkdabk/content.js (5164)
[18068:8936:0428/230856.041:INFO:CONSOLE(5164)] "Try start smartScout View FREE on : https://www.amazon.com/s?i=computers-intl-ship&bbn=16225007011&rh=n%3A16225007011%2Cn%3A1292110011%2Cn%3A595048&dc&page=2&qid=1651201651&rnid=1292110011&ref=sr_pg_1", source: chrome-extension://pimdaocgmlabkdkiodlnmmboeklkdabk/content.js (5164)
[18068:8936:0428/230856.044:INFO:CONSOLE(5164)] "Domain: com", source: chrome-extension://pimdaocgmlabkdkiodlnmmboeklkdabk/content.js (5164)
[18068:8936:0428/230858.446:INFO:CONSOLE(0)] "Blocked script execution in 'chrome-error://chromewebdata/' because the document's frame is sandboxed and the 'allow-scripts' permission is not set.", source: chrome-error://chromewebdata/ (0)
[18068:8936:0428/230858.446:INFO:CONSOLE(0)] "Blocked script execution in 'chrome-error://chromewebdata/' because the document's frame is sandboxed and the 'allow-scripts' permission is not set.", source: chrome-error://chromewebdata/ (0)
[18068:8936:0428/230858.448:INFO:CONSOLE(0)] "Blocked script execution in 'chrome-error://chromewebdata/' because the document's frame is sandboxed and the 'allow-scripts' permission is not set.", source: chrome-error://chromewebdata/ (0)
[18068:8936:0428/230858.448:INFO:CONSOLE(0)] "Blocked script execution in 'chrome-error://chromewebdata/' because the document's frame is sandboxed and the 'allow-scripts' permission is not set.", source: chrome-error://chromewebdata/ (0)
[18068:8936:0428/230858.449:INFO:CONSOLE(6420)] "Blocked script execution in 'chrome-error://chromewebdata/' because the document's frame is sandboxed and the 'allow-scripts' permission is not set.", source: chrome-error://chromewebdata/ (6420)
[18068:8936:0428/230858.449:INFO:CONSOLE(6440)] "Blocked script execution in 'chrome-error://chromewebdata/' because the document's frame is sandboxed and the 'allow-scripts' permission is not set.", source: chrome-error://chromewebdata/ (6440)
[18068:8936:0428/230858.449:INFO:CONSOLE(6450)] "Blocked script execution in 'chrome-error://chromewebdata/' because the document's frame is sandboxed and the 'allow-scripts' permission is not set.", source: chrome-error://chromewebdata/ (6450)
[18068:8936:0428/230858.449:INFO:CONSOLE(6461)] "Blocked script execution in 'chrome-error://chromewebdata/' because the document's frame is sandboxed and the 'allow-scripts' permission is not set.", source: chrome-error://chromewebdata/ (6461)
[18068:8936:0428/230858.449:INFO:CONSOLE(6466)] "Blocked script execution in 'chrome-error://chromewebdata/' because the document's frame is sandboxed and the 'allow-scripts' permission is not set.", source: chrome-error://chromewebdata/ (6466)
[18068:8936:0428/230858.449:INFO:CONSOLE(6470)] "Blocked script execution in 'chrome-error://chromewebdata/' because the document's frame is sandboxed and the 'allow-scripts' permission is not set.", source: chrome-error://chromewebdata/ (6470)
[18068:8936:0428/230858.449:INFO:CONSOLE(6486)] "Blocked script execution in 'chrome-error://chromewebdata/' because the document's frame is sandboxed and the 'allow-scripts' permission is not set.", source: chrome-error://chromewebdata/ (6486)
[18068:8936:0428/230858.449:INFO:CONSOLE(6499)] "Blocked script execution in 'chrome-error://chromewebdata/' because the document's frame is sandboxed and the 'allow-scripts' permission is not set.", source: chrome-error://chromewebdata/ (6499)
[18068:8936:0428/230858.449:INFO:CONSOLE(6504)] "Blocked script execution in 'chrome-error://chromewebdata/' because the document's frame is sandboxed and the 'allow-scripts' permission is not set.", source: chrome-error://chromewebdata/ (6504)
[18068:8936:0428/230858.449:INFO:CONSOLE(6510)] "Blocked script execution in 'chrome-error://chromewebdata/' because the document's frame is sandboxed and the 'allow-scripts' permission is not set.", source: chrome-error://chromewebdata/ (6510)
[18068:8936:0428/230858.452:INFO:CONSOLE(0)] "Blocked script execution in 'chrome-error://chromewebdata/' because the document's frame is sandboxed and the 'allow-scripts' permission is not set.", source: chrome-error://chromewebdata/ (0)
[18068:8936:0428/230858.452:INFO:CONSOLE(0)] "Blocked script execution in 'chrome-error://chromewebdata/' because the document's frame is sandboxed and the 'allow-scripts' permission is not set.", source: chrome-error://chromewebdata/ (0)
[18068:8936:0428/230858.452:INFO:CONSOLE(0)] "Blocked script execution in 'chrome-error://chromewebdata/' because the document's frame is sandboxed and the 'allow-scripts' permission is not set.", source: chrome-error://chromewebdata/ (0)
[18068:8936:0428/230949.135:INFO:CONSOLE(0)] "Error with Permissions-Policy header: Unrecognized feature: 'interest-cohort'.", source:  (0)
[18068:8936:0428/230949.750:INFO:CONSOLE(5164)] "Location: [object Object]", source: chrome-extension://pimdaocgmlabkdkiodlnmmboeklkdabk/content.js (5164)
[18068:8936:0428/230949.862:INFO:CONSOLE(5164)] "Try start smartScout View FREE on : https://www.amazon.com/s?i=computers-intl-ship&bbn=16225007011&rh=n%3A16225007011%2Cn%3A1292110011%2Cn%3A595048&dc&page=2&qid=1651201651&rnid=1292110011&ref=sr_pg_1", source: chrome-extension://pimdaocgmlabkdkiodlnmmboeklkdabk/content.js (5164)
[18068:8936:0428/230949.866:INFO:CONSOLE(5164)] "Domain: com", source: chrome-extension://pimdaocgmlabkdkiodlnmmboeklkdabk/content.js (5164)
[18068:8936:0428/230951.701:INFO:CONSOLE(0)] "Blocked script execution in 'chrome-error://chromewebdata/' because the document's frame is sandboxed and the 'allow-scripts' permission is not set.", source: chrome-error://chromewebdata/ (0)
[18068:8936:0428/230951.701:INFO:CONSOLE(0)] "Blocked script execution in 'chrome-error://chromewebdata/' because the document's frame is sandboxed and the 'allow-scripts' permission is not set.", source: chrome-error://chromewebdata/ (0)
[18068:8936:0428/230951.703:INFO:CONSOLE(0)] "Blocked script execution in 'chrome-error://chromewebdata/' because the document's frame is sandboxed and the 'allow-scripts' permission is not set.", source: chrome-error://chromewebdata/ (0)
[18068:8936:0428/230951.703:INFO:CONSOLE(0)] "Blocked script execution in 'chrome-error://chromewebdata/' because the document's frame is sandboxed and the 'allow-scripts' permission is not set.", source: chrome-error://chromewebdata/ (0)
[18068:8936:0428/230951.703:INFO:CONSOLE(6420)] "Blocked script execution in 'chrome-error://chromewebdata/' because the document's frame is sandboxed and the 'allow-scripts' permission is not set.", source: chrome-error://chromewebdata/ (6420)
[18068:8936:0428/230951.703:INFO:CONSOLE(6440)] "Blocked script execution in 'chrome-error://chromewebdata/' because the document's frame is sandboxed and the 'allow-scripts' permission is not set.", source: chrome-error://chromewebdata/ (6440)
[18068:8936:0428/230951.703:INFO:CONSOLE(6450)] "Blocked script execution in 'chrome-error://chromewebdata/' because the document's frame is sandboxed and the 'allow-scripts' permission is not set.", source: chrome-error://chromewebdata/ (6450)
[18068:8936:0428/230951.703:INFO:CONSOLE(6461)] "Blocked script execution in 'chrome-error://chromewebdata/' because the document's frame is sandboxed and the 'allow-scripts' permission is not set.", source: chrome-error://chromewebdata/ (6461)
[18068:8936:0428/230951.703:INFO:CONSOLE(6466)] "Blocked script execution in 'chrome-error://chromewebdata/' because the document's frame is sandboxed and the 'allow-scripts' permission is not set.", source: chrome-error://chromewebdata/ (6466)
[18068:8936:0428/230951.703:INFO:CONSOLE(6470)] "Blocked script execution in 'chrome-error://chromewebdata/' because the document's frame is sandboxed and the 'allow-scripts' permission is not set.", source: chrome-error://chromewebdata/ (6470)
[18068:8936:0428/230951.703:INFO:CONSOLE(6486)] "Blocked script execution in 'chrome-error://chromewebdata/' because the document's frame is sandboxed and the 'allow-scripts' permission is not set.", source: chrome-error://chromewebdata/ (6486)
[18068:8936:0428/230951.703:INFO:CONSOLE(6499)] "Blocked script execution in 'chrome-error://chromewebdata/' because the document's frame is sandboxed and the 'allow-scripts' permission is not set.", source: chrome-error://chromewebdata/ (6499)
[18068:8936:0428/230951.703:INFO:CONSOLE(6504)] "Blocked script execution in 'chrome-error://chromewebdata/' because the document's frame is sandboxed and the 'allow-scripts' permission is not set.", source: chrome-error://chromewebdata/ (6504)
[18068:8936:0428/230951.704:INFO:CONSOLE(6510)] "Blocked script execution in 'chrome-error://chromewebdata/' because the document's frame is sandboxed and the 'allow-scripts' permission is not set.", source: chrome-error://chromewebdata/ (6510)
[18068:8936:0428/230951.707:INFO:CONSOLE(0)] "Blocked script execution in 'chrome-error://chromewebdata/' because the document's frame is sandboxed and the 'allow-scripts' permission is not set.", source: chrome-error://chromewebdata/ (0)
[18068:8936:0428/230951.707:INFO:CONSOLE(0)] "Blocked script execution in 'chrome-error://chromewebdata/' because the document's frame is sandboxed and the 'allow-scripts' permission is not set.", source: chrome-error://chromewebdata/ (0)
[18068:8936:0428/230951.707:INFO:CONSOLE(0)] "Blocked script execution in 'chrome-error://chromewebdata/' because the document's frame is sandboxed and the 'allow-scripts' permission is not set.", source: chrome-error://chromewebdata/ (0)
[18068:8936:0428/231016.203:INFO:CONSOLE(0)] "Error with Permissions-Policy header: Unrecognized feature: 'interest-cohort'.", source:  (0)
[18068:8936:0428/231016.764:INFO:CONSOLE(5164)] "Location: [object Object]", source: chrome-extension://pimdaocgmlabkdkiodlnmmboeklkdabk/content.js (5164)
[18068:8936:0428/231016.995:INFO:CONSOLE(5164)] "Try start smartScout View FREE on : https://www.amazon.com/s?i=computers-intl-ship&bbn=16225007011&rh=n%3A16225007011%2Cn%3A1292110011%2Cn%3A595048&dc&page=3&qid=1651201788&rnid=1292110011&ref=sr_pg_2", source: chrome-extension://pimdaocgmlabkdkiodlnmmboeklkdabk/content.js (5164)
[18068:8936:0428/231017.000:INFO:CONSOLE(5164)] "Domain: com", source: chrome-extension://pimdaocgmlabkdkiodlnmmboeklkdabk/content.js (5164)
[18068:8936:0428/231018.963:INFO:CONSOLE(0)] "Blocked script execution in 'chrome-error://chromewebdata/' because the document's frame is sandboxed and the 'allow-scripts' permission is not set.", source: chrome-error://chromewebdata/ (0)
[18068:8936:0428/231018.963:INFO:CONSOLE(0)] "Blocked script execution in 'chrome-error://chromewebdata/' because the document's frame is sandboxed and the 'allow-scripts' permission is not set.", source: chrome-error://chromewebdata/ (0)
[18068:8936:0428/231018.965:INFO:CONSOLE(0)] "Blocked script execution in 'chrome-error://chromewebdata/' because the document's frame is sandboxed and the 'allow-scripts' permission is not set.", source: chrome-error://chromewebdata/ (0)
[18068:8936:0428/231018.965:INFO:CONSOLE(0)] "Blocked script execution in 'chrome-error://chromewebdata/' because the document's frame is sandboxed and the 'allow-scripts' permission is not set.", source: chrome-error://chromewebdata/ (0)
[18068:8936:0428/231018.965:INFO:CONSOLE(6420)] "Blocked script execution in 'chrome-error://chromewebdata/' because the document's frame is sandboxed and the 'allow-scripts' permission is not set.", source: chrome-error://chromewebdata/ (6420)
[18068:8936:0428/231018.965:INFO:CONSOLE(6440)] "Blocked script execution in 'chrome-error://chromewebdata/' because the document's frame is sandboxed and the 'allow-scripts' permission is not set.", source: chrome-error://chromewebdata/ (6440)
[18068:8936:0428/231018.965:INFO:CONSOLE(6450)] "Blocked script execution in 'chrome-error://chromewebdata/' because the document's frame is sandboxed and the 'allow-scripts' permission is not set.", source: chrome-error://chromewebdata/ (6450)
[18068:8936:0428/231018.965:INFO:CONSOLE(6461)] "Blocked script execution in 'chrome-error://chromewebdata/' because the document's frame is sandboxed and the 'allow-scripts' permission is not set.", source: chrome-error://chromewebdata/ (6461)
[18068:8936:0428/231018.965:INFO:CONSOLE(6466)] "Blocked script execution in 'chrome-error://chromewebdata/' because the document's frame is sandboxed and the 'allow-scripts' permission is not set.", source: chrome-error://chromewebdata/ (6466)
[18068:8936:0428/231018.965:INFO:CONSOLE(6470)] "Blocked script execution in 'chrome-error://chromewebdata/' because the document's frame is sandboxed and the 'allow-scripts' permission is not set.", source: chrome-error://chromewebdata/ (6470)
[18068:8936:0428/231018.966:INFO:CONSOLE(6486)] "Blocked script execution in 'chrome-error://chromewebdata/' because the document's frame is sandboxed and the 'allow-scripts' permission is not set.", source: chrome-error://chromewebdata/ (6486)
[18068:8936:0428/231018.966:INFO:CONSOLE(6499)] "Blocked script execution in 'chrome-error://chromewebdata/' because the document's frame is sandboxed and the 'allow-scripts' permission is not set.", source: chrome-error://chromewebdata/ (6499)
[18068:8936:0428/231018.966:INFO:CONSOLE(6504)] "Blocked script execution in 'chrome-error://chromewebdata/' because the document's frame is sandboxed and the 'allow-scripts' permission is not set.", source: chrome-error://chromewebdata/ (6504)
[18068:8936:0428/231018.966:INFO:CONSOLE(6510)] "Blocked script execution in 'chrome-error://chromewebdata/' because the document's frame is sandboxed and the 'allow-scripts' permission is not set.", source: chrome-error://chromewebdata/ (6510)
[18068:8936:0428/231019.002:INFO:CONSOLE(0)] "Blocked script execution in 'chrome-error://chromewebdata/' because the document's frame is sandboxed and the 'allow-scripts' permission is not set.", source: chrome-error://chromewebdata/ (0)
[18068:8936:0428/231019.003:INFO:CONSOLE(0)] "Blocked script execution in 'chrome-error://chromewebdata/' because the document's frame is sandboxed and the 'allow-scripts' permission is not set.", source: chrome-error://chromewebdata/ (0)
[18068:8936:0428/231019.003:INFO:CONSOLE(0)] "Blocked script execution in 'chrome-error://chromewebdata/' because the document's frame is sandboxed and the 'allow-scripts' permission is not set.", source: chrome-error://chromewebdata/ (0)
[18068:8936:0428/231136.562:INFO:CONSOLE(0)] "Error with Permissions-Policy header: Unrecognized feature: 'interest-cohort'.", source:  (0)
[18068:8936:0428/231137.112:INFO:CONSOLE(5164)] "Location: [object Object]", source: chrome-extension://pimdaocgmlabkdkiodlnmmboeklkdabk/content.js (5164)
[18068:8936:0428/231137.337:INFO:CONSOLE(5164)] "Try start smartScout View FREE on : https://www.amazon.com/s?i=computers-intl-ship&bbn=16225007011&rh=n%3A16225007011%2Cn%3A1292110011%2Cn%3A595048&dc&page=4&qid=1651201815&rnid=1292110011&ref=sr_pg_3", source: chrome-extension://pimdaocgmlabkdkiodlnmmboeklkdabk/content.js (5164)
[18068:8936:0428/231137.339:INFO:CONSOLE(5164)] "Domain: com", source: chrome-extension://pimdaocgmlabkdkiodlnmmboeklkdabk/content.js (5164)
[18068:8936:0428/231139.754:INFO:CONSOLE(0)] "Blocked script execution in 'chrome-error://chromewebdata/' because the document's frame is sandboxed and the 'allow-scripts' permission is not set.", source: chrome-error://chromewebdata/ (0)
[18068:8936:0428/231139.754:INFO:CONSOLE(0)] "Blocked script execution in 'chrome-error://chromewebdata/' because the document's frame is sandboxed and the 'allow-scripts' permission is not set.", source: chrome-error://chromewebdata/ (0)
[18068:8936:0428/231139.756:INFO:CONSOLE(0)] "Blocked script execution in 'chrome-error://chromewebdata/' because the document's frame is sandboxed and the 'allow-scripts' permission is not set.", source: chrome-error://chromewebdata/ (0)
[18068:8936:0428/231139.757:INFO:CONSOLE(0)] "Blocked script execution in 'chrome-error://chromewebdata/' because the document's frame is sandboxed and the 'allow-scripts' permission is not set.", source: chrome-error://chromewebdata/ (0)
[18068:8936:0428/231139.757:INFO:CONSOLE(6420)] "Blocked script execution in 'chrome-error://chromewebdata/' because the document's frame is sandboxed and the 'allow-scripts' permission is not set.", source: chrome-error://chromewebdata/ (6420)
[18068:8936:0428/231139.760:INFO:CONSOLE(6440)] "Blocked script execution in 'chrome-error://chromewebdata/' because the document's frame is sandboxed and the 'allow-scripts' permission is not set.", source: chrome-error://chromewebdata/ (6440)
[18068:8936:0428/231139.760:INFO:CONSOLE(6450)] "Blocked script execution in 'chrome-error://chromewebdata/' because the document's frame is sandboxed and the 'allow-scripts' permission is not set.", source: chrome-error://chromewebdata/ (6450)
[18068:8936:0428/231139.760:INFO:CONSOLE(6461)] "Blocked script execution in 'chrome-error://chromewebdata/' because the document's frame is sandboxed and the 'allow-scripts' permission is not set.", source: chrome-error://chromewebdata/ (6461)
[18068:8936:0428/231139.760:INFO:CONSOLE(6466)] "Blocked script execution in 'chrome-error://chromewebdata/' because the document's frame is sandboxed and the 'allow-scripts' permission is not set.", source: chrome-error://chromewebdata/ (6466)
[18068:8936:0428/231139.760:INFO:CONSOLE(6470)] "Blocked script execution in 'chrome-error://chromewebdata/' because the document's frame is sandboxed and the 'allow-scripts' permission is not set.", source: chrome-error://chromewebdata/ (6470)
[18068:8936:0428/231139.760:INFO:CONSOLE(6486)] "Blocked script execution in 'chrome-error://chromewebdata/' because the document's frame is sandboxed and the 'allow-scripts' permission is not set.", source: chrome-error://chromewebdata/ (6486)
[18068:8936:0428/231139.760:INFO:CONSOLE(6499)] "Blocked script execution in 'chrome-error://chromewebdata/' because the document's frame is sandboxed and the 'allow-scripts' permission is not set.", source: chrome-error://chromewebdata/ (6499)
[18068:8936:0428/231139.761:INFO:CONSOLE(6504)] "Blocked script execution in 'chrome-error://chromewebdata/' because the document's frame is sandboxed and the 'allow-scripts' permission is not set.", source: chrome-error://chromewebdata/ (6504)
[18068:8936:0428/231139.761:INFO:CONSOLE(6510)] "Blocked script execution in 'chrome-error://chromewebdata/' because the document's frame is sandboxed and the 'allow-scripts' permission is not set.", source: chrome-error://chromewebdata/ (6510)
[18068:8936:0428/231139.765:INFO:CONSOLE(0)] "Blocked script execution in 'chrome-error://chromewebdata/' because the document's frame is sandboxed and the 'allow-scripts' permission is not set.", source: chrome-error://chromewebdata/ (0)
[18068:8936:0428/231139.767:INFO:CONSOLE(0)] "Blocked script execution in 'chrome-error://chromewebdata/' because the document's frame is sandboxed and the 'allow-scripts' permission is not set.", source: chrome-error://chromewebdata/ (0)
[18068:8936:0428/231139.768:INFO:CONSOLE(0)] "Blocked script execution in 'chrome-error://chromewebdata/' because the document's frame is sandboxed and the 'allow-scripts' permission is not set.", source: chrome-error://chromewebdata/ (0)
[18068:8936:0428/231257.438:INFO:CONSOLE(0)] "Error with Permissions-Policy header: Unrecognized feature: 'interest-cohort'.", source:  (0)
[18068:8936:0428/231258.243:INFO:CONSOLE(5164)] "Location: [object Object]", source: chrome-extension://pimdaocgmlabkdkiodlnmmboeklkdabk/content.js (5164)
[18068:8936:0428/231304.393:INFO:CONSOLE(5164)] "Try start smartScout View FREE on : https://www.amazon.com/s?i=computers-intl-ship&bbn=16225007011&rh=n%3A16225007011%2Cn%3A1292110011%2Cn%3A595048&dc&page=5&qid=1651201896&rnid=1292110011&ref=sr_pg_4", source: chrome-extension://pimdaocgmlabkdkiodlnmmboeklkdabk/content.js (5164)
[18068:8936:0428/231304.395:INFO:CONSOLE(5164)] "Domain: com", source: chrome-extension://pimdaocgmlabkdkiodlnmmboeklkdabk/content.js (5164)
[18068:8936:0428/231315.182:INFO:CONSOLE(0)] "Blocked script execution in 'chrome-error://chromewebdata/' because the document's frame is sandboxed and the 'allow-scripts' permission is not set.", source: chrome-error://chromewebdata/ (0)
[18068:8936:0428/231315.182:INFO:CONSOLE(0)] "Blocked script execution in 'chrome-error://chromewebdata/' because the document's frame is sandboxed and the 'allow-scripts' permission is not set.", source: chrome-error://chromewebdata/ (0)
[18068:8936:0428/231315.185:INFO:CONSOLE(0)] "Blocked script execution in 'chrome-error://chromewebdata/' because the document's frame is sandboxed and the 'allow-scripts' permission is not set.", source: chrome-error://chromewebdata/ (0)
[18068:8936:0428/231315.185:INFO:CONSOLE(0)] "Blocked script execution in 'chrome-error://chromewebdata/' because the document's frame is sandboxed and the 'allow-scripts' permission is not set.", source: chrome-error://chromewebdata/ (0)
[18068:8936:0428/231315.185:INFO:CONSOLE(6420)] "Blocked script execution in 'chrome-error://chromewebdata/' because the document's frame is sandboxed and the 'allow-scripts' permission is not set.", source: chrome-error://chromewebdata/ (6420)
[18068:8936:0428/231315.185:INFO:CONSOLE(6440)] "Blocked script execution in 'chrome-error://chromewebdata/' because the document's frame is sandboxed and the 'allow-scripts' permission is not set.", source: chrome-error://chromewebdata/ (6440)
[18068:8936:0428/231315.185:INFO:CONSOLE(6450)] "Blocked script execution in 'chrome-error://chromewebdata/' because the document's frame is sandboxed and the 'allow-scripts' permission is not set.", source: chrome-error://chromewebdata/ (6450)
[18068:8936:0428/231315.185:INFO:CONSOLE(6461)] "Blocked script execution in 'chrome-error://chromewebdata/' because the document's frame is sandboxed and the 'allow-scripts' permission is not set.", source: chrome-error://chromewebdata/ (6461)
[18068:8936:0428/231315.185:INFO:CONSOLE(6466)] "Blocked script execution in 'chrome-error://chromewebdata/' because the document's frame is sandboxed and the 'allow-scripts' permission is not set.", source: chrome-error://chromewebdata/ (6466)
[18068:8936:0428/231315.185:INFO:CONSOLE(6470)] "Blocked script execution in 'chrome-error://chromewebdata/' because the document's frame is sandboxed and the 'allow-scripts' permission is not set.", source: chrome-error://chromewebdata/ (6470)
[18068:8936:0428/231315.185:INFO:CONSOLE(6486)] "Blocked script execution in 'chrome-error://chromewebdata/' because the document's frame is sandboxed and the 'allow-scripts' permission is not set.", source: chrome-error://chromewebdata/ (6486)
[18068:8936:0428/231315.186:INFO:CONSOLE(6499)] "Blocked script execution in 'chrome-error://chromewebdata/' because the document's frame is sandboxed and the 'allow-scripts' permission is not set.", source: chrome-error://chromewebdata/ (6499)
[18068:8936:0428/231315.186:INFO:CONSOLE(6504)] "Blocked script execution in 'chrome-error://chromewebdata/' because the document's frame is sandboxed and the 'allow-scripts' permission is not set.", source: chrome-error://chromewebdata/ (6504)
[18068:8936:0428/231315.186:INFO:CONSOLE(6510)] "Blocked script execution in 'chrome-error://chromewebdata/' because the document's frame is sandboxed and the 'allow-scripts' permission is not set.", source: chrome-error://chromewebdata/ (6510)
[18068:8936:0428/231315.189:INFO:CONSOLE(0)] "Blocked script execution in 'chrome-error://chromewebdata/' because the document's frame is sandboxed and the 'allow-scripts' permission is not set.", source: chrome-error://chromewebdata/ (0)
[18068:8936:0428/231315.189:INFO:CONSOLE(0)] "Blocked script execution in 'chrome-error://chromewebdata/' because the document's frame is sandboxed and the 'allow-scripts' permission is not set.", source: chrome-error://chromewebdata/ (0)
[18068:8936:0428/231315.189:INFO:CONSOLE(0)] "Blocked script execution in 'chrome-error://chromewebdata/' because the document's frame is sandboxed and the 'allow-scripts' permission is not set.", source: chrome-error://chromewebdata/ (0)
[18068:8936:0428/231417.577:INFO:CONSOLE(0)] "Error with Permissions-Policy header: Unrecognized feature: 'interest-cohort'.", source:  (0)
[18068:8936:0428/231418.185:INFO:CONSOLE(5164)] "Location: [object Object]", source: chrome-extension://pimdaocgmlabkdkiodlnmmboeklkdabk/content.js (5164)
[18068:8936:0428/231418.299:INFO:CONSOLE(5164)] "Try start smartScout View FREE on : https://www.amazon.com/s?i=computers-intl-ship&bbn=16225007011&rh=n%3A16225007011%2Cn%3A1292110011%2Cn%3A595048&dc&page=6&qid=1651201977&rnid=1292110011&ref=sr_pg_5", source: chrome-extension://pimdaocgmlabkdkiodlnmmboeklkdabk/content.js (5164)
[18068:8936:0428/231418.302:INFO:CONSOLE(5164)] "Domain: com", source: chrome-extension://pimdaocgmlabkdkiodlnmmboeklkdabk/content.js (5164)
[18068:8936:0428/231420.714:INFO:CONSOLE(0)] "Blocked script execution in 'chrome-error://chromewebdata/' because the document's frame is sandboxed and the 'allow-scripts' permission is not set.", source: chrome-error://chromewebdata/ (0)
[18068:8936:0428/231420.714:INFO:CONSOLE(0)] "Blocked script execution in 'chrome-error://chromewebdata/' because the document's frame is sandboxed and the 'allow-scripts' permission is not set.", source: chrome-error://chromewebdata/ (0)
[18068:8936:0428/231420.718:INFO:CONSOLE(0)] "Blocked script execution in 'chrome-error://chromewebdata/' because the document's frame is sandboxed and the 'allow-scripts' permission is not set.", source: chrome-error://chromewebdata/ (0)
[18068:8936:0428/231420.718:INFO:CONSOLE(0)] "Blocked script execution in 'chrome-error://chromewebdata/' because the document's frame is sandboxed and the 'allow-scripts' permission is not set.", source: chrome-error://chromewebdata/ (0)
[18068:8936:0428/231420.719:INFO:CONSOLE(6420)] "Blocked script execution in 'chrome-error://chromewebdata/' because the document's frame is sandboxed and the 'allow-scripts' permission is not set.", source: chrome-error://chromewebdata/ (6420)
[18068:8936:0428/231420.719:INFO:CONSOLE(6440)] "Blocked script execution in 'chrome-error://chromewebdata/' because the document's frame is sandboxed and the 'allow-scripts' permission is not set.", source: chrome-error://chromewebdata/ (6440)
[18068:8936:0428/231420.719:INFO:CONSOLE(6450)] "Blocked script execution in 'chrome-error://chromewebdata/' because the document's frame is sandboxed and the 'allow-scripts' permission is not set.", source: chrome-error://chromewebdata/ (6450)
[18068:8936:0428/231420.719:INFO:CONSOLE(6461)] "Blocked script execution in 'chrome-error://chromewebdata/' because the document's frame is sandboxed and the 'allow-scripts' permission is not set.", source: chrome-error://chromewebdata/ (6461)
[18068:8936:0428/231420.719:INFO:CONSOLE(6466)] "Blocked script execution in 'chrome-error://chromewebdata/' because the document's frame is sandboxed and the 'allow-scripts' permission is not set.", source: chrome-error://chromewebdata/ (6466)
[18068:8936:0428/231420.719:INFO:CONSOLE(6470)] "Blocked script execution in 'chrome-error://chromewebdata/' because the document's frame is sandboxed and the 'allow-scripts' permission is not set.", source: chrome-error://chromewebdata/ (6470)
[18068:8936:0428/231420.719:INFO:CONSOLE(6486)] "Blocked script execution in 'chrome-error://chromewebdata/' because the document's frame is sandboxed and the 'allow-scripts' permission is not set.", source: chrome-error://chromewebdata/ (6486)
[18068:8936:0428/231420.719:INFO:CONSOLE(6499)] "Blocked script execution in 'chrome-error://chromewebdata/' because the document's frame is sandboxed and the 'allow-scripts' permission is not set.", source: chrome-error://chromewebdata/ (6499)
[18068:8936:0428/231420.719:INFO:CONSOLE(6504)] "Blocked script execution in 'chrome-error://chromewebdata/' because the document's frame is sandboxed and the 'allow-scripts' permission is not set.", source: chrome-error://chromewebdata/ (6504)
[18068:8936:0428/231420.719:INFO:CONSOLE(6510)] "Blocked script execution in 'chrome-error://chromewebdata/' because the document's frame is sandboxed and the 'allow-scripts' permission is not set.", source: chrome-error://chromewebdata/ (6510)
[18068:8936:0428/231420.723:INFO:CONSOLE(0)] "Blocked script execution in 'chrome-error://chromewebdata/' because the document's frame is sandboxed and the 'allow-scripts' permission is not set.", source: chrome-error://chromewebdata/ (0)
[18068:8936:0428/231420.723:INFO:CONSOLE(0)] "Blocked script execution in 'chrome-error://chromewebdata/' because the document's frame is sandboxed and the 'allow-scripts' permission is not set.", source: chrome-error://chromewebdata/ (0)
[18068:8936:0428/231420.723:INFO:CONSOLE(0)] "Blocked script execution in 'chrome-error://chromewebdata/' because the document's frame is sandboxed and the 'allow-scripts' permission is not set.", source: chrome-error://chromewebdata/ (0)
[18068:8936:0428/231537.757:INFO:CONSOLE(0)] "Error with Permissions-Policy header: Unrecognized feature: 'interest-cohort'.", source:  (0)
[18068:8936:0428/231538.759:INFO:CONSOLE(5164)] "Location: [object Object]", source: chrome-extension://pimdaocgmlabkdkiodlnmmboeklkdabk/content.js (5164)
[18068:8936:0428/231538.779:INFO:CONSOLE(5164)] "Try start smartScout View FREE on : https://www.amazon.com/s?i=computers-intl-ship&bbn=16225007011&rh=n%3A16225007011%2Cn%3A1292110011%2Cn%3A595048&dc&page=7&qid=1651202057&rnid=1292110011&ref=sr_pg_6", source: chrome-extension://pimdaocgmlabkdkiodlnmmboeklkdabk/content.js (5164)
[18068:8936:0428/231538.781:INFO:CONSOLE(5164)] "Domain: com", source: chrome-extension://pimdaocgmlabkdkiodlnmmboeklkdabk/content.js (5164)
[18068:8936:0428/231541.059:INFO:CONSOLE(0)] "Blocked script execution in 'chrome-error://chromewebdata/' because the document's frame is sandboxed and the 'allow-scripts' permission is not set.", source: chrome-error://chromewebdata/ (0)
[18068:8936:0428/231541.059:INFO:CONSOLE(0)] "Blocked script execution in 'chrome-error://chromewebdata/' because the document's frame is sandboxed and the 'allow-scripts' permission is not set.", source: chrome-error://chromewebdata/ (0)
[18068:8936:0428/231541.061:INFO:CONSOLE(0)] "Blocked script execution in 'chrome-error://chromewebdata/' because the document's frame is sandboxed and the 'allow-scripts' permission is not set.", source: chrome-error://chromewebdata/ (0)
[18068:8936:0428/231541.062:INFO:CONSOLE(0)] "Blocked script execution in 'chrome-error://chromewebdata/' because the document's frame is sandboxed and the 'allow-scripts' permission is not set.", source: chrome-error://chromewebdata/ (0)
[18068:8936:0428/231541.062:INFO:CONSOLE(6420)] "Blocked script execution in 'chrome-error://chromewebdata/' because the document's frame is sandboxed and the 'allow-scripts' permission is not set.", source: chrome-error://chromewebdata/ (6420)
[18068:8936:0428/231541.062:INFO:CONSOLE(6440)] "Blocked script execution in 'chrome-error://chromewebdata/' because the document's frame is sandboxed and the 'allow-scripts' permission is not set.", source: chrome-error://chromewebdata/ (6440)
[18068:8936:0428/231541.062:INFO:CONSOLE(6450)] "Blocked script execution in 'chrome-error://chromewebdata/' because the document's frame is sandboxed and the 'allow-scripts' permission is not set.", source: chrome-error://chromewebdata/ (6450)
[18068:8936:0428/231541.062:INFO:CONSOLE(6461)] "Blocked script execution in 'chrome-error://chromewebdata/' because the document's frame is sandboxed and the 'allow-scripts' permission is not set.", source: chrome-error://chromewebdata/ (6461)
[18068:8936:0428/231541.062:INFO:CONSOLE(6466)] "Blocked script execution in 'chrome-error://chromewebdata/' because the document's frame is sandboxed and the 'allow-scripts' permission is not set.", source: chrome-error://chromewebdata/ (6466)
[18068:8936:0428/231541.062:INFO:CONSOLE(6470)] "Blocked script execution in 'chrome-error://chromewebdata/' because the document's frame is sandboxed and the 'allow-scripts' permission is not set.", source: chrome-error://chromewebdata/ (6470)
[18068:8936:0428/231541.062:INFO:CONSOLE(6486)] "Blocked script execution in 'chrome-error://chromewebdata/' because the document's frame is sandboxed and the 'allow-scripts' permission is not set.", source: chrome-error://chromewebdata/ (6486)
[18068:8936:0428/231541.062:INFO:CONSOLE(6499)] "Blocked script execution in 'chrome-error://chromewebdata/' because the document's frame is sandboxed and the 'allow-scripts' permission is not set.", source: chrome-error://chromewebdata/ (6499)
[18068:8936:0428/231541.062:INFO:CONSOLE(6504)] "Blocked script execution in 'chrome-error://chromewebdata/' because the document's frame is sandboxed and the 'allow-scripts' permission is not set.", source: chrome-error://chromewebdata/ (6504)
[18068:8936:0428/231541.062:INFO:CONSOLE(6510)] "Blocked script execution in 'chrome-error://chromewebdata/' because the document's frame is sandboxed and the 'allow-scripts' permission is not set.", source: chrome-error://chromewebdata/ (6510)
[18068:8936:0428/231541.105:INFO:CONSOLE(0)] "Blocked script execution in 'chrome-error://chromewebdata/' because the document's frame is sandboxed and the 'allow-scripts' permission is not set.", source: chrome-error://chromewebdata/ (0)
[18068:8936:0428/231541.105:INFO:CONSOLE(0)] "Blocked script execution in 'chrome-error://chromewebdata/' because the document's frame is sandboxed and the 'allow-scripts' permission is not set.", source: chrome-error://chromewebdata/ (0)
[18068:8936:0428/231541.105:INFO:CONSOLE(0)] "Blocked script execution in 'chrome-error://chromewebdata/' because the document's frame is sandboxed and the 'allow-scripts' permission is not set.", source: chrome-error://chromewebdata/ (0)
[18068:8936:0428/231657.912:INFO:CONSOLE(0)] "Error with Permissions-Policy header: Unrecognized feature: 'interest-cohort'.", source:  (0)
[18068:8936:0428/231658.682:INFO:CONSOLE(5164)] "Location: [object Object]", source: chrome-extension://pimdaocgmlabkdkiodlnmmboeklkdabk/content.js (5164)
[18068:8936:0428/231658.788:INFO:CONSOLE(5164)] "Try start smartScout View FREE on : https://www.amazon.com/s?i=computers-intl-ship&bbn=16225007011&rh=n%3A16225007011%2Cn%3A1292110011%2Cn%3A595048&dc&page=8&qid=1651202137&rnid=1292110011&ref=sr_pg_7", source: chrome-extension://pimdaocgmlabkdkiodlnmmboeklkdabk/content.js (5164)
[18068:8936:0428/231658.790:INFO:CONSOLE(5164)] "Domain: com", source: chrome-extension://pimdaocgmlabkdkiodlnmmboeklkdabk/content.js (5164)
[18068:8936:0428/231701.750:INFO:CONSOLE(0)] "Blocked script execution in 'chrome-error://chromewebdata/' because the document's frame is sandboxed and the 'allow-scripts' permission is not set.", source: chrome-error://chromewebdata/ (0)
[18068:8936:0428/231701.750:INFO:CONSOLE(0)] "Blocked script execution in 'chrome-error://chromewebdata/' because the document's frame is sandboxed and the 'allow-scripts' permission is not set.", source: chrome-error://chromewebdata/ (0)
[18068:8936:0428/231701.752:INFO:CONSOLE(0)] "Blocked script execution in 'chrome-error://chromewebdata/' because the document's frame is sandboxed and the 'allow-scripts' permission is not set.", source: chrome-error://chromewebdata/ (0)
[18068:8936:0428/231701.752:INFO:CONSOLE(0)] "Blocked script execution in 'chrome-error://chromewebdata/' because the document's frame is sandboxed and the 'allow-scripts' permission is not set.", source: chrome-error://chromewebdata/ (0)
[18068:8936:0428/231701.753:INFO:CONSOLE(6420)] "Blocked script execution in 'chrome-error://chromewebdata/' because the document's frame is sandboxed and the 'allow-scripts' permission is not set.", source: chrome-error://chromewebdata/ (6420)
[18068:8936:0428/231701.753:INFO:CONSOLE(6440)] "Blocked script execution in 'chrome-error://chromewebdata/' because the document's frame is sandboxed and the 'allow-scripts' permission is not set.", source: chrome-error://chromewebdata/ (6440)
[18068:8936:0428/231701.753:INFO:CONSOLE(6450)] "Blocked script execution in 'chrome-error://chromewebdata/' because the document's frame is sandboxed and the 'allow-scripts' permission is not set.", source: chrome-error://chromewebdata/ (6450)
[18068:8936:0428/231701.753:INFO:CONSOLE(6461)] "Blocked script execution in 'chrome-error://chromewebdata/' because the document's frame is sandboxed and the 'allow-scripts' permission is not set.", source: chrome-error://chromewebdata/ (6461)
[18068:8936:0428/231701.754:INFO:CONSOLE(6466)] "Blocked script execution in 'chrome-error://chromewebdata/' because the document's frame is sandboxed and the 'allow-scripts' permission is not set.", source: chrome-error://chromewebdata/ (6466)
[18068:8936:0428/231701.754:INFO:CONSOLE(6470)] "Blocked script execution in 'chrome-error://chromewebdata/' because the document's frame is sandboxed and the 'allow-scripts' permission is not set.", source: chrome-error://chromewebdata/ (6470)
[18068:8936:0428/231701.754:INFO:CONSOLE(6486)] "Blocked script execution in 'chrome-error://chromewebdata/' because the document's frame is sandboxed and the 'allow-scripts' permission is not set.", source: chrome-error://chromewebdata/ (6486)
[18068:8936:0428/231701.754:INFO:CONSOLE(6499)] "Blocked script execution in 'chrome-error://chromewebdata/' because the document's frame is sandboxed and the 'allow-scripts' permission is not set.", source: chrome-error://chromewebdata/ (6499)
[18068:8936:0428/231701.754:INFO:CONSOLE(6504)] "Blocked script execution in 'chrome-error://chromewebdata/' because the document's frame is sandboxed and the 'allow-scripts' permission is not set.", source: chrome-error://chromewebdata/ (6504)
[18068:8936:0428/231701.754:INFO:CONSOLE(6510)] "Blocked script execution in 'chrome-error://chromewebdata/' because the document's frame is sandboxed and the 'allow-scripts' permission is not set.", source: chrome-error://chromewebdata/ (6510)
[18068:8936:0428/231701.758:INFO:CONSOLE(0)] "Blocked script execution in 'chrome-error://chromewebdata/' because the document's frame is sandboxed and the 'allow-scripts' permission is not set.", source: chrome-error://chromewebdata/ (0)
[18068:8936:0428/231701.758:INFO:CONSOLE(0)] "Blocked script execution in 'chrome-error://chromewebdata/' because the document's frame is sandboxed and the 'allow-scripts' permission is not set.", source: chrome-error://chromewebdata/ (0)
[18068:8936:0428/231701.758:INFO:CONSOLE(0)] "Blocked script execution in 'chrome-error://chromewebdata/' because the document's frame is sandboxed and the 'allow-scripts' permission is not set.", source: chrome-error://chromewebdata/ (0)
[18068:8936:0428/231752.926:WARNING:pref_notifier_impl.cc(40)] Pref observer for media_router.cast_allow_all_ips found at shutdown.
